[debug] [2024-11-24T00:48:01.880Z] ----------------------------------------------------------------------
[debug] [2024-11-24T00:48:01.882Z] Command:       C:\Program Files\nodejs\node.exe C:\Users\kayde\AppData\Roaming\npm\node_modules\firebase-tools\lib\bin\firebase.js init
[debug] [2024-11-24T00:48:01.883Z] CLI Version:   13.27.0
[debug] [2024-11-24T00:48:01.883Z] Platform:      win32
[debug] [2024-11-24T00:48:01.883Z] Node Version:  v22.11.0
[debug] [2024-11-24T00:48:01.883Z] Time:          Sat Nov 23 2024 17:48:01 GMT-0700 (Mountain Standard Time)
[debug] [2024-11-24T00:48:01.883Z] ----------------------------------------------------------------------
[debug] 
[debug] [2024-11-24T00:48:01.888Z] > command requires scopes: ["email","openid","https://www.googleapis.com/auth/cloudplatformprojects.readonly","https://www.googleapis.com/auth/firebase","https://www.googleapis.com/auth/cloud-platform"]
[debug] [2024-11-24T00:48:01.888Z] > authorizing via signed-in user (kaydennguyen711@gmail.com)
[info] 
     ######## #### ########  ######## ########     ###     ######  ########
     ##        ##  ##     ## ##       ##     ##  ##   ##  ##       ##
     ######    ##  ########  ######   ########  #########  ######  ######
     ##        ##  ##    ##  ##       ##     ## ##     ##       ## ##
     ##       #### ##     ## ######## ########  ##     ##  ######  ########

You're about to initialize a Firebase project in this directory:

  C:\cprg306\speedlot

Before we get started, keep in mind:

  * You are currently outside your home directory

